<?xml version="1.0" encoding="UTF-8"?>
<!-- Generated by org.testng.reporters.JUnitReportReporter -->
<testsuite skipped="2" hostname="SHAILENDRA" name="test1" tests="3" failures="0" timestamp="14 Apr 2020 11:31:23 GMT" time="0.136" errors="0">
  <testcase name="streamsUsage" time="0.136" classname="test1"/>
  <testcase name="streamTypeCollections" classname="test1">
    <skipped/>
  </testcase> <!-- streamTypeCollections -->
  <testcase name="regular" classname="test1">
    <skipped/>
  </testcase> <!-- regular -->
</testsuite> <!-- test1 -->
